____________ Wed 03/30/2022 --  7:32:44.05 ___________ 
ADMIN CLEARED THE SYSTEM LOGS.       [SUCCESS!]. 
_______________________________________________________ 
____________ Thu 03/31/2022 -- 10:13:11.46 ___________ 
Malicious User tried to LOG-IN AS ADMIN. [FAILED!]. 
_______________________________________________________ 
____________ Thu 03/31/2022 -- 10:13:25.23 ___________ 
AUTHORIZED ADMIN LOGGED IN .       [SUCCESS!]. 
_______________________________________________________ 
____________ Thu 03/31/2022 -- 10:14:51.61 ___________ 
AUTHORIZED ADMIN LOGGED IN .       [SUCCESS!]. 
_______________________________________________________ 
____________ Thu 03/31/2022 -- 10:15:56.85 ___________ 
AUTHORIZED ADMIN LOGGED IN .       [SUCCESS!]. 
_______________________________________________________ 
____________ Fri 04/01/2022 --  9:59:16.21 ___________ 
AUTHORIZED ADMIN LOGGED IN .       [SUCCESS!]. 
_______________________________________________________ 
____________ Fri 04/01/2022 --  9:59:57.85 ___________ 
Malicious User tried to CLEAR-LOGS AS ADMIN. [FAILED!]. 
_______________________________________________________ 
____________ Fri 04/01/2022 -- 10:08:12.25 ___________ 
Malicious User tried to LOG-IN AS ADMIN. [FAILED!]. 
_______________________________________________________ 
____________ Fri 04/01/2022 -- 10:08:18.02 ___________ 
Malicious User tried to LOG-IN AS ADMIN. [FAILED!]. 
_______________________________________________________ 
____________ Fri 04/01/2022 -- 10:08:24.58 ___________ 
AUTHORIZED ADMIN LOGGED IN .       [SUCCESS!]. 
_______________________________________________________ 
____________ Sun 04/03/2022 --  8:52:01.79 ___________ 
AUTHORIZED ADMIN LOGGED IN .       [SUCCESS!]. 
_______________________________________________________ 
____________ Sun 04/03/2022 --  9:01:42.25 ___________ 
AUTHORIZED ADMIN LOGGED IN .       [SUCCESS!]. 
_______________________________________________________ 
____________ Sun 04/03/2022 --  9:04:09.55 ___________ 
AUTHORIZED ADMIN LOGGED IN .       [SUCCESS!]. 
_______________________________________________________ 
____________ Sun 04/03/2022 -- 10:33:42.08 ___________ 
AUTHORIZED ADMIN LOGGED IN .       [SUCCESS!]. 
_______________________________________________________ 
____________ Sun 04/03/2022 -- 10:40:59.91 ___________ 
AUTHORIZED ADMIN LOGGED IN .       [SUCCESS!]. 
_______________________________________________________ 
____________ Sun 04/03/2022 -- 10:42:14.96 ___________ 
AUTHORIZED ADMIN LOGGED IN .       [SUCCESS!]. 
_______________________________________________________ 
____________ Sun 04/03/2022 -- 10:43:15.08 ___________ 
AUTHORIZED ADMIN LOGGED IN .       [SUCCESS!]. 
_______________________________________________________ 
____________ Thu 04/14/2022 --  3:35:10.27 ___________ 
AUTHORIZED ADMIN LOGGED IN .       [SUCCESS!]. 
_______________________________________________________ 
____________ Thu 04/14/2022 --  3:36:37.55 ___________ 
AUTHORIZED ADMIN LOGGED IN .       [SUCCESS!]. 
_______________________________________________________ 
____________ Thu 04/14/2022 --  3:41:20.30 ___________ 
AUTHORIZED ADMIN LOGGED IN .       [SUCCESS!]. 
_______________________________________________________ 
____________ Thu 04/14/2022 --  3:47:44.53 ___________ 
AUTHORIZED ADMIN LOGGED IN .       [SUCCESS!]. 
_______________________________________________________ 
____________ Thu 04/14/2022 --  3:51:07.88 ___________ 
AUTHORIZED ADMIN LOGGED IN .       [SUCCESS!]. 
_______________________________________________________ 
____________ Thu 04/14/2022 --  3:53:47.38 ___________ 
AUTHORIZED ADMIN LOGGED IN .       [SUCCESS!]. 
_______________________________________________________ 
____________ Thu 04/14/2022 --  3:59:04.94 ___________ 
AUTHORIZED ADMIN LOGGED IN .       [SUCCESS!]. 
_______________________________________________________ 
____________ Thu 04/14/2022 --  4:00:04.81 ___________ 
Malicious User tried to LOG-IN AS ADMIN. [FAILED!]. 
_______________________________________________________ 
____________ Thu 04/14/2022 --  4:00:10.35 ___________ 
AUTHORIZED ADMIN LOGGED IN .       [SUCCESS!]. 
_______________________________________________________ 
____________ Thu 04/14/2022 --  4:01:59.81 ___________ 
AUTHORIZED ADMIN LOGGED IN .       [SUCCESS!]. 
_______________________________________________________ 
____________ Thu 04/14/2022 --  4:05:36.53 ___________ 
AUTHORIZED ADMIN LOGGED IN .       [SUCCESS!]. 
_______________________________________________________ 
____________ Thu 04/14/2022 --  4:10:22.32 ___________ 
AUTHORIZED ADMIN LOGGED IN .       [SUCCESS!]. 
_______________________________________________________ 
____________ Thu 04/14/2022 --  4:14:54.62 ___________ 
AUTHORIZED ADMIN LOGGED IN .       [SUCCESS!]. 
_______________________________________________________ 
____________ Thu 04/14/2022 -- 21:48:16.75 ___________ 
Malicious User tried to LOG-IN AS ADMIN. [FAILED!]. 
_______________________________________________________ 
____________ Sun 04/17/2022 --  9:36:31.55 ___________ 
AUTHORIZED ADMIN LOGGED IN .       [SUCCESS!]. 
_______________________________________________________ 
____________ Sun 04/17/2022 --  9:44:47.59 ___________ 
AUTHORIZED ADMIN LOGGED IN .       [SUCCESS!]. 
_______________________________________________________ 
____________ Sun 04/17/2022 --  9:49:49.92 ___________ 
AUTHORIZED ADMIN LOGGED IN .       [SUCCESS!]. 
_______________________________________________________ 
____________ Sun 04/17/2022 --  9:51:07.59 ___________ 
AUTHORIZED ADMIN LOGGED IN .       [SUCCESS!]. 
_______________________________________________________ 
____________ Sun 04/17/2022 --  9:52:14.42 ___________ 
AUTHORIZED ADMIN LOGGED IN .       [SUCCESS!]. 
_______________________________________________________ 
____________ Sun 04/17/2022 --  9:53:15.68 ___________ 
AUTHORIZED ADMIN LOGGED IN .       [SUCCESS!]. 
_______________________________________________________ 
____________ Sun 04/17/2022 --  9:58:48.31 ___________ 
AUTHORIZED ADMIN LOGGED IN .       [SUCCESS!]. 
_______________________________________________________ 
____________ Sun 04/17/2022 -- 10:13:24.64 ___________ 
AUTHORIZED ADMIN LOGGED IN .       [SUCCESS!]. 
_______________________________________________________ 
____________ Sun 04/17/2022 -- 10:19:58.57 ___________ 
AUTHORIZED ADMIN LOGGED IN .       [SUCCESS!]. 
_______________________________________________________ 
____________ Sun 04/17/2022 -- 11:30:02.67 ___________ 
AUTHORIZED ADMIN LOGGED IN .       [SUCCESS!]. 
_______________________________________________________ 
____________ Sun 04/17/2022 -- 11:36:48.87 ___________ 
AUTHORIZED ADMIN LOGGED IN .       [SUCCESS!]. 
_______________________________________________________ 
____________ Sun 04/17/2022 -- 13:55:20.20 ___________ 
AUTHORIZED ADMIN LOGGED IN .       [SUCCESS!]. 
_______________________________________________________ 
____________ Sun 04/17/2022 -- 14:49:33.80 ___________ 
AUTHORIZED ADMIN LOGGED IN .       [SUCCESS!]. 
_______________________________________________________ 
____________ Sun 04/17/2022 -- 14:50:56.84 ___________ 
AUTHORIZED ADMIN LOGGED IN .       [SUCCESS!]. 
_______________________________________________________ 
____________ Sun 04/17/2022 -- 14:58:24.26 ___________ 
AUTHORIZED ADMIN LOGGED IN .       [SUCCESS!]. 
_______________________________________________________ 
____________ Sun 04/17/2022 -- 14:59:23.48 ___________ 
AUTHORIZED ADMIN LOGGED IN .       [SUCCESS!]. 
_______________________________________________________ 
____________ Sun 04/17/2022 -- 15:01:21.80 ___________ 
AUTHORIZED ADMIN LOGGED IN .       [SUCCESS!]. 
_______________________________________________________ 
____________ Sun 04/17/2022 -- 15:06:53.16 ___________ 
AUTHORIZED ADMIN LOGGED IN .       [SUCCESS!]. 
_______________________________________________________ 
____________ Sun 04/17/2022 -- 15:07:40.94 ___________ 
AUTHORIZED ADMIN LOGGED IN .       [SUCCESS!]. 
_______________________________________________________ 
____________ Sun 04/17/2022 -- 15:14:15.49 ___________ 
AUTHORIZED ADMIN LOGGED IN .       [SUCCESS!]. 
_______________________________________________________ 
____________ Sun 04/17/2022 -- 15:17:39.81 ___________ 
AUTHORIZED ADMIN LOGGED IN .       [SUCCESS!]. 
_______________________________________________________ 
____________ Sun 04/17/2022 -- 15:20:01.91 ___________ 
AUTHORIZED ADMIN LOGGED IN .       [SUCCESS!]. 
_______________________________________________________ 
____________ Sun 04/17/2022 -- 15:25:06.81 ___________ 
AUTHORIZED ADMIN LOGGED IN .       [SUCCESS!]. 
_______________________________________________________ 
____________ Sun 04/17/2022 -- 15:25:41.06 ___________ 
AUTHORIZED ADMIN LOGGED IN .       [SUCCESS!]. 
_______________________________________________________ 
____________ Sun 04/17/2022 -- 15:36:58.37 ___________ 
AUTHORIZED ADMIN LOGGED IN .       [SUCCESS!]. 
_______________________________________________________ 
____________ Sun 04/17/2022 -- 15:39:18.04 ___________ 
Malicious User tried to LOG-IN AS ADMIN. [FAILED!]. 
_______________________________________________________ 
____________ Sun 04/17/2022 -- 15:39:25.85 ___________ 
AUTHORIZED ADMIN LOGGED IN .       [SUCCESS!]. 
_______________________________________________________ 
____________ Sun 04/17/2022 -- 15:54:36.05 ___________ 
AUTHORIZED ADMIN LOGGED IN .       [SUCCESS!]. 
_______________________________________________________ 
____________ Sun 04/17/2022 -- 15:54:51.56 ___________ 
AUTHORIZED ADMIN LOGGED IN .       [SUCCESS!]. 
_______________________________________________________ 
____________ Sun 04/17/2022 -- 15:55:19.59 ___________ 
AUTHORIZED ADMIN LOGGED IN .       [SUCCESS!]. 
_______________________________________________________ 
____________ Sun 04/17/2022 -- 16:24:21.95 ___________ 
AUTHORIZED ADMIN LOGGED IN .       [SUCCESS!]. 
_______________________________________________________ 
____________ Sun 04/17/2022 -- 17:17:35.25 ___________ 
AUTHORIZED ADMIN LOGGED IN .       [SUCCESS!]. 
_______________________________________________________ 
____________ Sun 04/17/2022 -- 17:21:40.52 ___________ 
Malicious User tried to LOG-IN AS ADMIN. [FAILED!]. 
_______________________________________________________ 
____________ Sun 04/17/2022 -- 17:21:49.13 ___________ 
AUTHORIZED ADMIN LOGGED IN .       [SUCCESS!]. 
_______________________________________________________ 
____________ Sun 04/17/2022 -- 17:25:03.63 ___________ 
AUTHORIZED ADMIN LOGGED IN .       [SUCCESS!]. 
_______________________________________________________ 
____________ Mon 04/18/2022 --  7:35:38.15 ___________ 
AUTHORIZED ADMIN LOGGED IN .       [SUCCESS!]. 
_______________________________________________________ 
____________ Mon 04/18/2022 --  7:36:11.42 ___________ 
AUTHORIZED ADMIN LOGGED IN .       [SUCCESS!]. 
_______________________________________________________ 
____________ Mon 04/18/2022 --  7:39:09.13 ___________ 
AUTHORIZED ADMIN LOGGED IN .       [SUCCESS!]. 
_______________________________________________________ 
____________ Mon 04/18/2022 --  7:47:19.11 ___________ 
AUTHORIZED ADMIN LOGGED IN .       [SUCCESS!]. 
_______________________________________________________ 
____________ Mon 04/18/2022 --  7:49:10.36 ___________ 
AUTHORIZED ADMIN LOGGED IN .       [SUCCESS!]. 
_______________________________________________________ 
____________ Mon 04/18/2022 --  7:54:11.67 ___________ 
AUTHORIZED ADMIN LOGGED IN .       [SUCCESS!]. 
_______________________________________________________ 
____________ Mon 04/18/2022 --  7:55:34.82 ___________ 
AUTHORIZED ADMIN LOGGED IN .       [SUCCESS!]. 
_______________________________________________________ 
____________ Mon 04/18/2022 --  8:02:08.93 ___________ 
AUTHORIZED ADMIN LOGGED IN .       [SUCCESS!]. 
_______________________________________________________ 
____________ Mon 04/18/2022 --  8:03:26.19 ___________ 
AUTHORIZED ADMIN LOGGED IN .       [SUCCESS!]. 
_______________________________________________________ 
____________ Mon 04/18/2022 --  8:13:07.08 ___________ 
AUTHORIZED ADMIN LOGGED IN .       [SUCCESS!]. 
_______________________________________________________ 
____________ Mon 04/18/2022 --  8:14:32.73 ___________ 
AUTHORIZED ADMIN LOGGED IN .       [SUCCESS!]. 
_______________________________________________________ 
____________ Mon 04/18/2022 --  8:15:36.29 ___________ 
AUTHORIZED ADMIN LOGGED IN .       [SUCCESS!]. 
_______________________________________________________ 
____________ Sun 04/17/2022 -- 21:20:44.61 ___________ 
AUTHORIZED ADMIN LOGGED IN .       [SUCCESS!]. 
_______________________________________________________ 
____________ Sun 04/17/2022 -- 21:22:20.50 ___________ 
AUTHORIZED ADMIN LOGGED IN .       [SUCCESS!]. 
_______________________________________________________ 
____________ Sun 04/17/2022 -- 21:27:12.78 ___________ 
Malicious User tried to LOG-IN AS ADMIN. [FAILED!]. 
_______________________________________________________ 
____________ Sun 04/17/2022 -- 21:27:17.66 ___________ 
AUTHORIZED ADMIN LOGGED IN .       [SUCCESS!]. 
_______________________________________________________ 
____________ Sun 04/17/2022 -- 21:30:42.62 ___________ 
Malicious User tried to LOG-IN AS ADMIN. [FAILED!]. 
_______________________________________________________ 
____________ Sun 04/17/2022 -- 21:30:48.24 ___________ 
AUTHORIZED ADMIN LOGGED IN .       [SUCCESS!]. 
_______________________________________________________ 
____________ Sun 04/17/2022 -- 21:32:33.98 ___________ 
AUTHORIZED ADMIN LOGGED IN .       [SUCCESS!]. 
_______________________________________________________ 
____________ Sun 04/17/2022 -- 21:34:49.18 ___________ 
AUTHORIZED ADMIN LOGGED IN .       [SUCCESS!]. 
_______________________________________________________ 
____________ Sun 04/17/2022 -- 21:35:28.45 ___________ 
AUTHORIZED ADMIN LOGGED IN .       [SUCCESS!]. 
_______________________________________________________ 
____________ Sun 04/17/2022 -- 21:36:41.34 ___________ 
AUTHORIZED ADMIN LOGGED IN .       [SUCCESS!]. 
_______________________________________________________ 
____________ Sun 04/17/2022 -- 21:37:39.26 ___________ 
AUTHORIZED ADMIN LOGGED IN .       [SUCCESS!]. 
_______________________________________________________ 
____________ Sun 04/17/2022 -- 21:38:51.84 ___________ 
AUTHORIZED ADMIN LOGGED IN .       [SUCCESS!]. 
_______________________________________________________ 
____________ Sun 04/17/2022 -- 23:10:44.46 ___________ 
AUTHORIZED ADMIN LOGGED IN .       [SUCCESS!]. 
_______________________________________________________ 
____________ Sun 04/17/2022 -- 23:11:16.08 ___________ 
AUTHORIZED ADMIN LOGGED IN .       [SUCCESS!]. 
_______________________________________________________ 
____________ Thu 04/21/2022 -- 20:39:48.75 ___________ 
AUTHORIZED ADMIN LOGGED IN .       [SUCCESS!]. 
_______________________________________________________ 
